D:\我的资料库\DOCUMENTS\VISUAL STUDIO 2010\PROJECTS\KCF\DEBUG\SNAPCUT.EXE
D:\我的资料库\DOCUMENTS\VISUAL STUDIO 2010\PROJECTS\KCF\DEBUG\SNAPCUT.ILK
D:\我的资料库\DOCUMENTS\VISUAL STUDIO 2010\PROJECTS\KCF\DEBUG\SNAPCUT.PDB
D:\我的资料库\DOCUMENTS\VISUAL STUDIO 2010\PROJECTS\KCF\SNAPCUT\DEBUG\BMPIMAGE.OBJ
D:\我的资料库\Documents\Visual Studio 2010\Projects\KCF\snapCut\Debug\cl.command.1.tlog
D:\我的资料库\Documents\Visual Studio 2010\Projects\KCF\snapCut\Debug\CL.read.1.tlog
D:\我的资料库\Documents\Visual Studio 2010\Projects\KCF\snapCut\Debug\CL.write.1.tlog
D:\我的资料库\DOCUMENTS\VISUAL STUDIO 2010\PROJECTS\KCF\SNAPCUT\DEBUG\CLUSTER.OBJ
D:\我的资料库\DOCUMENTS\VISUAL STUDIO 2010\PROJECTS\KCF\SNAPCUT\DEBUG\COLOR.OBJ
D:\我的资料库\DOCUMENTS\VISUAL STUDIO 2010\PROJECTS\KCF\SNAPCUT\DEBUG\COLORCLASSIFIER.OBJ
D:\我的资料库\DOCUMENTS\VISUAL STUDIO 2010\PROJECTS\KCF\SNAPCUT\DEBUG\FEATUREMATCH.OBJ
D:\我的资料库\DOCUMENTS\VISUAL STUDIO 2010\PROJECTS\KCF\SNAPCUT\DEBUG\FHOG.OBJ
D:\我的资料库\DOCUMENTS\VISUAL STUDIO 2010\PROJECTS\KCF\SNAPCUT\DEBUG\GAUSSIANFITTER.OBJ
D:\我的资料库\DOCUMENTS\VISUAL STUDIO 2010\PROJECTS\KCF\SNAPCUT\DEBUG\GMM.OBJ
D:\我的资料库\DOCUMENTS\VISUAL STUDIO 2010\PROJECTS\KCF\SNAPCUT\DEBUG\GRAPH.OBJ
D:\我的资料库\DOCUMENTS\VISUAL STUDIO 2010\PROJECTS\KCF\SNAPCUT\DEBUG\IMAGE.OBJ
D:\我的资料库\DOCUMENTS\VISUAL STUDIO 2010\PROJECTS\KCF\SNAPCUT\DEBUG\IMGFEATURES.OBJ
D:\我的资料库\DOCUMENTS\VISUAL STUDIO 2010\PROJECTS\KCF\SNAPCUT\DEBUG\KCFTRACKER.OBJ
D:\我的资料库\DOCUMENTS\VISUAL STUDIO 2010\PROJECTS\KCF\SNAPCUT\DEBUG\KCFTRANS.OBJ
D:\我的资料库\DOCUMENTS\VISUAL STUDIO 2010\PROJECTS\KCF\SNAPCUT\DEBUG\KDTREE.OBJ
D:\我的资料库\Documents\Visual Studio 2010\Projects\KCF\snapCut\Debug\link.2148.read.1.tlog
D:\我的资料库\Documents\Visual Studio 2010\Projects\KCF\snapCut\Debug\link.2148.write.1.tlog
D:\我的资料库\Documents\Visual Studio 2010\Projects\KCF\snapCut\Debug\link.2148-cvtres.read.1.tlog
D:\我的资料库\Documents\Visual Studio 2010\Projects\KCF\snapCut\Debug\link.2148-cvtres.write.1.tlog
D:\我的资料库\Documents\Visual Studio 2010\Projects\KCF\snapCut\Debug\link.3352.read.1.tlog
D:\我的资料库\Documents\Visual Studio 2010\Projects\KCF\snapCut\Debug\link.3352.write.1.tlog
D:\我的资料库\Documents\Visual Studio 2010\Projects\KCF\snapCut\Debug\link.3352-cvtres.read.1.tlog
D:\我的资料库\Documents\Visual Studio 2010\Projects\KCF\snapCut\Debug\link.3352-cvtres.write.1.tlog
D:\我的资料库\Documents\Visual Studio 2010\Projects\KCF\snapCut\Debug\link.6280.read.1.tlog
D:\我的资料库\Documents\Visual Studio 2010\Projects\KCF\snapCut\Debug\link.6280.write.1.tlog
D:\我的资料库\Documents\Visual Studio 2010\Projects\KCF\snapCut\Debug\link.6280-cvtres.read.1.tlog
D:\我的资料库\Documents\Visual Studio 2010\Projects\KCF\snapCut\Debug\link.6280-cvtres.write.1.tlog
D:\我的资料库\Documents\Visual Studio 2010\Projects\KCF\snapCut\Debug\link.6836.read.1.tlog
D:\我的资料库\Documents\Visual Studio 2010\Projects\KCF\snapCut\Debug\link.6836.write.1.tlog
D:\我的资料库\Documents\Visual Studio 2010\Projects\KCF\snapCut\Debug\link.6836-cvtres.read.1.tlog
D:\我的资料库\Documents\Visual Studio 2010\Projects\KCF\snapCut\Debug\link.6836-cvtres.write.1.tlog
D:\我的资料库\Documents\Visual Studio 2010\Projects\KCF\snapCut\Debug\link.7260.read.1.tlog
D:\我的资料库\Documents\Visual Studio 2010\Projects\KCF\snapCut\Debug\link.7260.write.1.tlog
D:\我的资料库\Documents\Visual Studio 2010\Projects\KCF\snapCut\Debug\link.7260-cvtres.read.1.tlog
D:\我的资料库\Documents\Visual Studio 2010\Projects\KCF\snapCut\Debug\link.7260-cvtres.write.1.tlog
D:\我的资料库\Documents\Visual Studio 2010\Projects\KCF\snapCut\Debug\link.command.1.tlog
D:\我的资料库\Documents\Visual Studio 2010\Projects\KCF\snapCut\Debug\link.read.1.tlog
D:\我的资料库\Documents\Visual Studio 2010\Projects\KCF\snapCut\Debug\link.write.1.tlog
D:\我的资料库\Documents\Visual Studio 2010\Projects\KCF\snapCut\Debug\link-cvtres.read.1.tlog
D:\我的资料库\Documents\Visual Studio 2010\Projects\KCF\snapCut\Debug\link-cvtres.write.1.tlog
D:\我的资料库\DOCUMENTS\VISUAL STUDIO 2010\PROJECTS\KCF\SNAPCUT\DEBUG\LSAPPLICATION.OBJ
D:\我的资料库\DOCUMENTS\VISUAL STUDIO 2010\PROJECTS\KCF\SNAPCUT\DEBUG\MAXFLOW.OBJ
D:\我的资料库\DOCUMENTS\VISUAL STUDIO 2010\PROJECTS\KCF\SNAPCUT\DEBUG\MINPQ.OBJ
D:\我的资料库\Documents\Visual Studio 2010\Projects\KCF\snapCut\Debug\mt.command.1.tlog
D:\我的资料库\Documents\Visual Studio 2010\Projects\KCF\snapCut\Debug\mt.read.1.tlog
D:\我的资料库\Documents\Visual Studio 2010\Projects\KCF\snapCut\Debug\mt.write.1.tlog
D:\我的资料库\Documents\Visual Studio 2010\Projects\KCF\snapCut\Debug\rc.command.1.tlog
D:\我的资料库\Documents\Visual Studio 2010\Projects\KCF\snapCut\Debug\rc.read.1.tlog
D:\我的资料库\Documents\Visual Studio 2010\Projects\KCF\snapCut\Debug\rc.write.1.tlog
D:\我的资料库\DOCUMENTS\VISUAL STUDIO 2010\PROJECTS\KCF\SNAPCUT\DEBUG\RUN.OBJ
D:\我的资料库\DOCUMENTS\VISUAL STUDIO 2010\PROJECTS\KCF\SNAPCUT\DEBUG\SIFT.OBJ
D:\我的资料库\DOCUMENTS\VISUAL STUDIO 2010\PROJECTS\KCF\SNAPCUT\DEBUG\SNAPCUT.EXE.EMBED.MANIFEST
D:\我的资料库\DOCUMENTS\VISUAL STUDIO 2010\PROJECTS\KCF\SNAPCUT\DEBUG\SNAPCUT.EXE.EMBED.MANIFEST.RES
D:\我的资料库\DOCUMENTS\VISUAL STUDIO 2010\PROJECTS\KCF\SNAPCUT\DEBUG\SNAPCUT.EXE.INTERMEDIATE.MANIFEST
D:\我的资料库\DOCUMENTS\VISUAL STUDIO 2010\PROJECTS\KCF\SNAPCUT\DEBUG\SNAPCUT.OBJ
D:\我的资料库\Documents\Visual Studio 2010\Projects\KCF\snapCut\Debug\snapCut.vcxprojResolveAssemblyReference.cache
D:\我的资料库\Documents\Visual Studio 2010\Projects\KCF\snapCut\Debug\snapCut.write.1.tlog
D:\我的资料库\Documents\Visual Studio 2010\Projects\KCF\snapCut\Debug\snapCut_manifest.rc
D:\我的资料库\DOCUMENTS\VISUAL STUDIO 2010\PROJECTS\KCF\SNAPCUT\DEBUG\UTILS.OBJ
D:\我的资料库\Documents\Visual Studio 2010\Projects\KCF\snapCut\Debug\vc100.idb
D:\我的资料库\DOCUMENTS\VISUAL STUDIO 2010\PROJECTS\KCF\SNAPCUT\DEBUG\VC100.PDB
D:\我的资料库\DOCUMENTS\VISUAL STUDIO 2010\PROJECTS\KCF\SNAPCUT\DEBUG\VIDEOREADER.OBJ
D:\我的资料库\DOCUMENTS\VISUAL STUDIO 2010\PROJECTS\KCF\SNAPCUT\DEBUG\VIDEOSNAPCUT.OBJ
D:\我的资料库\DOCUMENTS\VISUAL STUDIO 2010\PROJECTS\KCF\SNAPCUT\DEBUG\XFORM.OBJ
